#
# A fatal error has been detected by the Java Runtime Environment:
#
#  EXCEPTION_ACCESS_VIOLATION (0xc0000005) at pc=0x00000000685081d3, pid=7676, tid=3256
#
# JRE version: Java(TM) SE Runtime Environment (8.0_51-b16) (build 1.8.0_51-b16)
# Java VM: Java HotSpot(TM) 64-Bit Server VM (25.51-b03 mixed mode windows-amd64 compressed oops)
# Problematic frame:
# V  [jvm.dll+0x1281d3]
#
# Failed to write core dump. Minidumps are not enabled by default on client versions of Windows
#
# If you would like to submit a bug report, please visit:
#   http://bugreport.java.com/bugreport/crash.jsp
#

---------------  T H R E A D  ---------------

Current thread (0x000000005764a800):  JavaThread "JDWP Transport Listener: dt_socket" daemon [_thread_in_vm, id=3256, stack(0x0000000059310000,0x0000000059410000)]

siginfo: ExceptionCode=0xc0000005, reading address 0xffffffffffffffff

Registers:
RAX=0x000000005940f101, RBX=0x003d0052007d000d, RCX=0x000000005cf9dbd4, RDX=0x0000000000000000
RSP=0x000000005940f130, RBP=0x000000005cf9dbd4, RSI=0x000000005940f248, RDI=0x00000000021b6fe0
R8 =0x000000005764a800, R9 =0x000000000000ff00, R10=0x0000000000000000, R11=0x009e01aa0092001c
R12=0x0000000000000000, R13=0x0000000058ac0f78, R14=0x0000000000000000, R15=0x0000000000000000
RIP=0x00000000685081d3, EFLAGS=0x0000000000010202

Top of Stack: (sp=0x000000005940f130)
0x000000005940f130:   000000005764a800 000000005764a800
0x000000005940f140:   000000005940f1f8 000000006870c72b
0x000000005940f150:   000000005764a800 0000000068728f8d
0x000000005940f160:   0000000000000000 00000000693a9155
0x000000005940f170:   000000005bdc6a28 00000000693b291e
0x000000005940f180:   000000005764a800 0000000000000000
0x000000005940f190:   0000000000000000 0000000000000000
0x000000005940f1a0:   000000005cf9dbd4 00000000693b1a15
0x000000005940f1b0:   000000005940f248 000000005940f220
0x000000005940f1c0:   0000000000000001 000000005bdc6a28
0x000000005940f1d0:   000000005cf9dbd4 00000000693953b3
0x000000005940f1e0:   000000005940f310 0000000000000001
0x000000005940f1f0:   0000000000000001 000000005bdc6a28
0x000000005940f200:   0000000000000001 0000000000000000
0x000000005940f210:   0000000000000000 0000000000000000
0x000000005940f220:   0000000000000001 0000000069395571 

Instructions: (pc=0x00000000685081d3)
0x00000000685081b3:   28 48 85 c9 75 07 33 c0 48 83 c4 28 c3 48 89 5c
0x00000000685081c3:   24 20 48 8b 19 48 85 db 74 20 48 83 fb 37 74 1a
0x00000000685081d3:   48 8b 13 48 8b cb ff 52 10 84 c0 74 0d 48 8b c3
0x00000000685081e3:   48 8b 5c 24 20 48 83 c4 28 c3 33 c0 48 8b 5c 24 


Register to memory mapping:

RAX=0x000000005940f101 is pointing into the stack for thread: 0x000000005764a800
RBX=0x003d0052007d000d is an unknown value
RCX=0x000000005cf9dbd4 is pointing into metadata
RDX=0x0000000000000000 is an unknown value
RSP=0x000000005940f130 is pointing into the stack for thread: 0x000000005764a800
RBP=0x000000005cf9dbd4 is pointing into metadata
RSI=0x000000005940f248 is pointing into the stack for thread: 0x000000005764a800
RDI=0x00000000021b6fe0 is an unknown value
R8 =0x000000005764a800 is a thread
R9 =0x000000000000ff00 is an unknown value
R10=0x0000000000000000 is an unknown value
R11=0x009e01aa0092001c is an unknown value
R12=0x0000000000000000 is an unknown value
R13=0x0000000058ac0f78 is an unknown value
R14=0x0000000000000000 is an unknown value
R15=0x0000000000000000 is an unknown value


Stack: [0x0000000059310000,0x0000000059410000],  sp=0x000000005940f130,  free space=1020k
Native frames: (J=compiled Java code, j=interpreted, Vv=VM code, C=native code)
V  [jvm.dll+0x1281d3]
V  [jvm.dll+0x348f8d]
C  [jdwp.dll+0x21a15]
C  [jdwp.dll+0x53b3]
C  [jdwp.dll+0x5571]
C  [jdwp.dll+0xf0a8]
C  [jdwp.dll+0x1f2d5]
C  [jdwp.dll+0x1f4aa]
V  [jvm.dll+0x1bae78]
V  [jvm.dll+0x2418a4]
V  [jvm.dll+0x29846a]
C  [msvcr100.dll+0x21d9f]
C  [msvcr100.dll+0x21e3b]
C  [kernel32.dll+0x159cd]
C  [ntdll.dll+0x2a561]


---------------  P R O C E S S  ---------------

Java Threads: ( => current thread )
  0x0000000059dd6800 JavaThread "http-nio-8081-AsyncTimeout" daemon [_thread_blocked, id=8856, stack(0x000000005e060000,0x000000005e160000)]
  0x0000000059dd5800 JavaThread "http-nio-8081-Acceptor-0" daemon [_thread_in_native, id=7368, stack(0x000000005dee0000,0x000000005dfe0000)]
  0x0000000059dd5000 JavaThread "http-nio-8081-ClientPoller-1" daemon [_thread_in_native, id=7640, stack(0x000000005dd60000,0x000000005de60000)]
  0x0000000059dd4000 JavaThread "http-nio-8081-ClientPoller-0" daemon [_thread_in_native, id=5700, stack(0x000000005dba0000,0x000000005dca0000)]
  0x0000000059dd3800 JavaThread "NioBlockingSelector.BlockPoller-3" daemon [_thread_in_native, id=160, stack(0x0000000059b70000,0x0000000059c70000)]
  0x000000005bfbb800 JavaThread "File Watcher" daemon [_thread_blocked, id=2628, stack(0x000000005ab30000,0x000000005ac30000)]
  0x000000005bfbb000 JavaThread "container-0" [_thread_blocked, id=6896, stack(0x000000005d8e0000,0x000000005d9e0000)]
  0x000000005bfb9800 JavaThread "ContainerBackgroundProcessor[StandardEngine[Tomcat]]" daemon [_thread_blocked, id=8264, stack(0x000000005d4b0000,0x000000005d5b0000)]
  0x000000005bfba000 JavaThread "DestroyJavaVM" [_thread_blocked, id=7700, stack(0x00000000025a0000,0x00000000026a0000)]
  0x000000005bfb5800 JavaThread "Live Reload Server" daemon [_thread_in_native, id=7420, stack(0x000000005d5b0000,0x000000005d6b0000)]
  0x0000000058b67800 JavaThread "Service Thread" daemon [_thread_blocked, id=7324, stack(0x00000000591f0000,0x00000000592f0000)]
  0x0000000058ae0800 JavaThread "C1 CompilerThread2" daemon [_thread_blocked, id=5728, stack(0x0000000059a50000,0x0000000059b50000)]
  0x0000000058ad5800 JavaThread "C2 CompilerThread1" daemon [_thread_blocked, id=8248, stack(0x0000000059890000,0x0000000059990000)]
  0x0000000058ad3800 JavaThread "C2 CompilerThread0" daemon [_thread_blocked, id=7984, stack(0x0000000059600000,0x0000000059700000)]
  0x0000000058ac5000 JavaThread "JDWP Command Reader" daemon [_thread_in_native, id=3664, stack(0x0000000059700000,0x0000000059800000)]
  0x0000000058ac4000 JavaThread "JDWP Event Helper Thread" daemon [_thread_blocked, id=3372, stack(0x00000000594f0000,0x00000000595f0000)]
=>0x000000005764a800 JavaThread "JDWP Transport Listener: dt_socket" daemon [_thread_in_vm, id=3256, stack(0x0000000059310000,0x0000000059410000)]
  0x0000000058ab7800 JavaThread "Attach Listener" daemon [_thread_blocked, id=6852, stack(0x00000000590f0000,0x00000000591f0000)]
  0x0000000058ab6800 JavaThread "Signal Dispatcher" daemon [_thread_blocked, id=7956, stack(0x0000000058fe0000,0x00000000590e0000)]
  0x00000000575e5000 JavaThread "Finalizer" daemon [_thread_blocked, id=6836, stack(0x00000000589b0000,0x0000000058ab0000)]
  0x00000000575e3800 JavaThread "Reference Handler" daemon [_thread_blocked, id=8760, stack(0x00000000587f0000,0x00000000588f0000)]

Other Threads:
  0x00000000575de000 VMThread [stack: 0x0000000058570000,0x0000000058670000] [id=492]
  0x0000000058b69000 WatcherThread [stack: 0x0000000059c70000,0x0000000059d70000] [id=4552]

VM state:not at safepoint (normal execution)

VM Mutex/Monitor currently owned by a thread: None

Heap:
 PSYoungGen      total 223232K, used 95899K [0x00000000d5a00000, 0x00000000e4380000, 0x0000000100000000)
  eden space 209408K, 45% used [0x00000000d5a00000,0x00000000db7a6f98,0x00000000e2680000)
  from space 13824K, 0% used [0x00000000e2680000,0x00000000e2680000,0x00000000e3400000)
  to   space 14848K, 0% used [0x00000000e3500000,0x00000000e3500000,0x00000000e4380000)
 ParOldGen       total 66048K, used 19994K [0x0000000080e00000, 0x0000000084e80000, 0x00000000d5a00000)
  object space 66048K, 30% used [0x0000000080e00000,0x0000000082186b40,0x0000000084e80000)
 Metaspace       used 30319K, capacity 30872K, committed 30976K, reserved 1077248K
  class space    used 3726K, capacity 3832K, committed 3840K, reserved 1048576K

Card table byte_map: [0x0000000011d30000,0x0000000012130000] byte_map_base: 0x0000000011929000

Marking Bits: (ParMarkBitMap*) 0x0000000068be4040
 Begin Bits: [0x00000000128c0000, 0x0000000014888000)
 End Bits:   [0x0000000014888000, 0x0000000016850000)

Polling page: 0x0000000000170000

CodeCache: size=245760Kb used=9019Kb max_used=9019Kb free=236741Kb
 bounds [0x0000000002970000, 0x0000000003250000, 0x0000000011970000]
 total_blobs=4427 nmethods=3788 adapters=559
 compilation: enabled

Compilation events (10 events):
Event: 195.505 Thread 0x0000000058ae0800 3866       1       sun.nio.ch.SelectorImpl::keys (28 bytes)
Event: 195.506 Thread 0x0000000058ae0800 nmethod 3866 0x000000000323ff50 code [0x00000000032400c0, 0x0000000003240298]
Event: 195.506 Thread 0x0000000058ae0800 3867       1       org.apache.tomcat.util.net.SocketProperties::getTimeoutInterval (5 bytes)
Event: 195.506 Thread 0x0000000058ae0800 nmethod 3867 0x00000000032403d0 code [0x0000000003240520, 0x0000000003240630]
Event: 195.506 Thread 0x0000000058ae0800 3868       1       org.apache.tomcat.util.net.NioEndpoint::access$100 (4 bytes)
Event: 195.506 Thread 0x0000000058ae0800 nmethod 3868 0x0000000003240690 code [0x00000000032407e0, 0x00000000032408d0]
Event: 196.505 Thread 0x0000000058ae0800 3869       1       java.util.Collections$UnmodifiableSet::equals (24 bytes)
Event: 196.505 Thread 0x0000000058ae0800 nmethod 3869 0x0000000003240950 code [0x0000000003240ac0, 0x0000000003240c48]
Event: 198.259 Thread 0x0000000058ae0800 3870       1       org.apache.catalina.valves.ValveBase::getNext (5 bytes)
Event: 198.259 Thread 0x0000000058ae0800 nmethod 3870 0x0000000003240cd0 code [0x0000000003240e20, 0x0000000003240f30]

GC Heap History (10 events):
Event: 2.497 GC heap before
{Heap before GC invocations=6 (full 1):
 PSYoungGen      total 138240K, used 132567K [0x00000000d5a00000, 0x00000000de600000, 0x0000000100000000)
  eden space 133120K, 99% used [0x00000000d5a00000,0x00000000ddb75ee8,0x00000000ddc00000)
  from space 5120K, 0% used [0x00000000de100000,0x00000000de100000,0x00000000de600000)
  to   space 5120K, 0% used [0x00000000ddc00000,0x00000000ddc00000,0x00000000de100000)
 ParOldGen       total 66048K, used 12695K [0x0000000080e00000, 0x0000000084e80000, 0x00000000d5a00000)
  object space 66048K, 19% used [0x0000000080e00000,0x0000000081a65c38,0x0000000084e80000)
 Metaspace       used 27344K, capacity 27702K, committed 27904K, reserved 1073152K
  class space    used 3408K, capacity 3517K, committed 3584K, reserved 1048576K
Event: 2.506 GC heap after
Heap after GC invocations=6 (full 1):
 PSYoungGen      total 138240K, used 5092K [0x00000000d5a00000, 0x00000000e4380000, 0x0000000100000000)
  eden space 133120K, 0% used [0x00000000d5a00000,0x00000000d5a00000,0x00000000ddc00000)
  from space 5120K, 99% used [0x00000000ddc00000,0x00000000de0f9030,0x00000000de100000)
  to   space 14848K, 0% used [0x00000000e3500000,0x00000000e3500000,0x00000000e4380000)
 ParOldGen       total 66048K, used 20312K [0x0000000080e00000, 0x0000000084e80000, 0x00000000d5a00000)
  object space 66048K, 30% used [0x0000000080e00000,0x00000000821d60f8,0x0000000084e80000)
 Metaspace       used 27344K, capacity 27702K, committed 27904K, reserved 1073152K
  class space    used 3408K, capacity 3517K, committed 3584K, reserved 1048576K
}
Event: 135.136 GC heap before
{Heap before GC invocations=7 (full 1):
 PSYoungGen      total 138240K, used 75467K [0x00000000d5a00000, 0x00000000e4380000, 0x0000000100000000)
  eden space 133120K, 52% used [0x00000000d5a00000,0x00000000d9eb9c00,0x00000000ddc00000)
  from space 5120K, 99% used [0x00000000ddc00000,0x00000000de0f9030,0x00000000de100000)
  to   space 14848K, 0% used [0x00000000e3500000,0x00000000e3500000,0x00000000e4380000)
 ParOldGen       total 66048K, used 20312K [0x0000000080e00000, 0x0000000084e80000, 0x00000000d5a00000)
  object space 66048K, 30% used [0x0000000080e00000,0x00000000821d60f8,0x0000000084e80000)
 Metaspace       used 30052K, capacity 30372K, committed 30720K, reserved 1077248K
  class space    used 3697K, capacity 3793K, committed 3840K, reserved 1048576K
Event: 135.145 GC heap after
Heap after GC invocations=7 (full 1):
 PSYoungGen      total 222208K, used 8657K [0x00000000d5a00000, 0x00000000e4180000, 0x0000000100000000)
  eden space 209408K, 0% used [0x00000000d5a00000,0x00000000d5a00000,0x00000000e2680000)
  from space 12800K, 67% used [0x00000000e3500000,0x00000000e3d747c0,0x00000000e4180000)
  to   space 13824K, 0% used [0x00000000e2680000,0x00000000e2680000,0x00000000e3400000)
 ParOldGen       total 66048K, used 20320K [0x0000000080e00000, 0x0000000084e80000, 0x00000000d5a00000)
  object space 66048K, 30% used [0x0000000080e00000,0x00000000821d80f8,0x0000000084e80000)
 Metaspace       used 30052K, capacity 30372K, committed 30720K, reserved 1077248K
  class space    used 3697K, capacity 3793K, committed 3840K, reserved 1048576K
}
Event: 135.145 GC heap before
{Heap before GC invocations=8 (full 2):
 PSYoungGen      total 222208K, used 8657K [0x00000000d5a00000, 0x00000000e4180000, 0x0000000100000000)
  eden space 209408K, 0% used [0x00000000d5a00000,0x00000000d5a00000,0x00000000e2680000)
  from space 12800K, 67% used [0x00000000e3500000,0x00000000e3d747c0,0x00000000e4180000)
  to   space 13824K, 0% used [0x00000000e2680000,0x00000000e2680000,0x00000000e3400000)
 ParOldGen       total 66048K, used 20320K [0x0000000080e00000, 0x0000000084e80000, 0x00000000d5a00000)
  object space 66048K, 30% used [0x0000000080e00000,0x00000000821d80f8,0x0000000084e80000)
 Metaspace       used 30052K, capacity 30372K, committed 30720K, reserved 1077248K
  class space    used 3697K, capacity 3793K, committed 3840K, reserved 1048576K
Event: 135.214 GC heap after
Heap after GC invocations=8 (full 2):
 PSYoungGen      total 222208K, used 0K [0x00000000d5a00000, 0x00000000e4180000, 0x0000000100000000)
  eden space 209408K, 0% used [0x00000000d5a00000,0x00000000d5a00000,0x00000000e2680000)
  from space 12800K, 0% used [0x00000000e3500000,0x00000000e3500000,0x00000000e4180000)
  to   space 13824K, 0% used [0x00000000e2680000,0x00000000e2680000,0x00000000e3400000)
 ParOldGen       total 66048K, used 20814K [0x0000000080e00000, 0x0000000084e80000, 0x00000000d5a00000)
  object space 66048K, 31% used [0x0000000080e00000,0x00000000822538e8,0x0000000084e80000)
 Metaspace       used 30052K, capacity 30372K, committed 30720K, reserved 1077248K
  class space    used 3697K, capacity 3793K, committed 3840K, reserved 1048576K
}
Event: 167.773 GC heap before
{Heap before GC invocations=9 (full 2):
 PSYoungGen      total 222208K, used 99331K [0x00000000d5a00000, 0x00000000e4180000, 0x0000000100000000)
  eden space 209408K, 47% used [0x00000000d5a00000,0x00000000dbb00f68,0x00000000e2680000)
  from space 12800K, 0% used [0x00000000e3500000,0x00000000e3500000,0x00000000e4180000)
  to   space 13824K, 0% used [0x00000000e2680000,0x00000000e2680000,0x00000000e3400000)
 ParOldGen       total 66048K, used 20814K [0x0000000080e00000, 0x0000000084e80000, 0x00000000d5a00000)
  object space 66048K, 31% used [0x0000000080e00000,0x00000000822538e8,0x0000000084e80000)
 Metaspace       used 30229K, capacity 30704K, committed 30976K, reserved 1077248K
  class space    used 3717K, capacity 3821K, committed 3840K, reserved 1048576K
Event: 167.780 GC heap after
Heap after GC invocations=9 (full 2):
 PSYoungGen      total 223232K, used 2707K [0x00000000d5a00000, 0x00000000e4380000, 0x0000000100000000)
  eden space 209408K, 0% used [0x00000000d5a00000,0x00000000d5a00000,0x00000000e2680000)
  from space 13824K, 19% used [0x00000000e2680000,0x00000000e2924e78,0x00000000e3400000)
  to   space 14848K, 0% used [0x00000000e3500000,0x00000000e3500000,0x00000000e4380000)
 ParOldGen       total 66048K, used 20822K [0x0000000080e00000, 0x0000000084e80000, 0x00000000d5a00000)
  object space 66048K, 31% used [0x0000000080e00000,0x00000000822558e8,0x0000000084e80000)
 Metaspace       used 30229K, capacity 30704K, committed 30976K, reserved 1077248K
  class space    used 3717K, capacity 3821K, committed 3840K, reserved 1048576K
}
Event: 167.780 GC heap before
{Heap before GC invocations=10 (full 3):
 PSYoungGen      total 223232K, used 2707K [0x00000000d5a00000, 0x00000000e4380000, 0x0000000100000000)
  eden space 209408K, 0% used [0x00000000d5a00000,0x00000000d5a00000,0x00000000e2680000)
  from space 13824K, 19% used [0x00000000e2680000,0x00000000e2924e78,0x00000000e3400000)
  to   space 14848K, 0% used [0x00000000e3500000,0x00000000e3500000,0x00000000e4380000)
 ParOldGen       total 66048K, used 20822K [0x0000000080e00000, 0x0000000084e80000, 0x00000000d5a00000)
  object space 66048K, 31% used [0x0000000080e00000,0x00000000822558e8,0x0000000084e80000)
 Metaspace       used 30229K, capacity 30704K, committed 30976K, reserved 1077248K
  class space    used 3717K, capacity 3821K, committed 3840K, reserved 1048576K
Event: 167.876 GC heap after
Heap after GC invocations=10 (full 3):
 PSYoungGen      total 223232K, used 0K [0x00000000d5a00000, 0x00000000e4380000, 0x0000000100000000)
  eden space 209408K, 0% used [0x00000000d5a00000,0x00000000d5a00000,0x00000000e2680000)
  from space 13824K, 0% used [0x00000000e2680000,0x00000000e2680000,0x00000000e3400000)
  to   space 14848K, 0% used [0x00000000e3500000,0x00000000e3500000,0x00000000e4380000)
 ParOldGen       total 66048K, used 19994K [0x0000000080e00000, 0x0000000084e80000, 0x00000000d5a00000)
  object space 66048K, 30% used [0x0000000080e00000,0x0000000082186b40,0x0000000084e80000)
 Metaspace       used 30227K, capacity 30698K, committed 30976K, reserved 1077248K
  class space    used 3717K, capacity 3819K, committed 3840K, reserved 1048576K
}

Deoptimization events (0 events):
No events

Internal exceptions (10 events):
Event: 168.302 Thread 0x000000005bfb6800 Exception <a 'java/lang/ArrayIndexOutOfBoundsException'> (0x00000000da0a1a38) thrown at [C:\re\workspace\8-2-build-windows-amd64-cygwin\jdk8u51\3951\hotspot\src\share\vm\runtime\sharedRuntime.cpp, line 605]
Event: 168.318 Thread 0x000000005bfb6800 Exception <a 'java/lang/ArrayIndexOutOfBoundsException'> (0x00000000da2b4818) thrown at [C:\re\workspace\8-2-build-windows-amd64-cygwin\jdk8u51\3951\hotspot\src\share\vm\runtime\sharedRuntime.cpp, line 605]
Event: 168.318 Thread 0x000000005bfb6800 Exception <a 'java/lang/ArrayIndexOutOfBoundsException'> (0x00000000da2b6ea0) thrown at [C:\re\workspace\8-2-build-windows-amd64-cygwin\jdk8u51\3951\hotspot\src\share\vm\runtime\sharedRuntime.cpp, line 605]
Event: 168.319 Thread 0x000000005bfb6800 Exception <a 'java/lang/ArrayIndexOutOfBoundsException'> (0x00000000da2b9e08) thrown at [C:\re\workspace\8-2-build-windows-amd64-cygwin\jdk8u51\3951\hotspot\src\share\vm\runtime\sharedRuntime.cpp, line 605]
Event: 168.319 Thread 0x000000005bfb6800 Exception <a 'java/lang/ArrayIndexOutOfBoundsException'> (0x00000000da2bc200) thrown at [C:\re\workspace\8-2-build-windows-amd64-cygwin\jdk8u51\3951\hotspot\src\share\vm\runtime\sharedRuntime.cpp, line 605]
Event: 168.319 Thread 0x000000005bfb6800 Exception <a 'java/lang/ArrayIndexOutOfBoundsException'> (0x00000000da2bd040) thrown at [C:\re\workspace\8-2-build-windows-amd64-cygwin\jdk8u51\3951\hotspot\src\share\vm\runtime\sharedRuntime.cpp, line 605]
Event: 168.319 Thread 0x000000005bfb6800 Exception <a 'java/lang/ArrayIndexOutOfBoundsException'> (0x00000000da2be558) thrown at [C:\re\workspace\8-2-build-windows-amd64-cygwin\jdk8u51\3951\hotspot\src\share\vm\runtime\sharedRuntime.cpp, line 605]
Event: 168.322 Thread 0x000000005bfb6800 Exception <a 'java/lang/ArrayIndexOutOfBoundsException'> (0x00000000da3201c0) thrown at [C:\re\workspace\8-2-build-windows-amd64-cygwin\jdk8u51\3951\hotspot\src\share\vm\runtime\sharedRuntime.cpp, line 605]
Event: 168.346 Thread 0x000000005bfb6800 Exception <a 'java/lang/ArrayIndexOutOfBoundsException'> (0x00000000da5c5990) thrown at [C:\re\workspace\8-2-build-windows-amd64-cygwin\jdk8u51\3951\hotspot\src\share\vm\runtime\sharedRuntime.cpp, line 605]
Event: 168.358 Thread 0x000000005bfb6800 Exception <a 'java/lang/ArrayIndexOutOfBoundsException'> (0x00000000da710fb0) thrown at [C:\re\workspace\8-2-build-windows-amd64-cygwin\jdk8u51\3951\hotspot\src\share\vm\runtime\sharedRuntime.cpp, line 605]

Events (10 events):
Event: 210.668 Executing VM operation: RedefineClasses
Event: 210.681 Executing VM operation: RedefineClasses done
Event: 210.682 Executing VM operation: RedefineClasses
Event: 210.697 Executing VM operation: RedefineClasses done
Event: 210.706 Executing VM operation: ChangeBreakpoints
Event: 210.706 Executing VM operation: ChangeBreakpoints done
Event: 210.707 Executing VM operation: ChangeBreakpoints
Event: 210.708 Executing VM operation: ChangeBreakpoints done
Event: 210.718 Executing VM operation: ChangeBreakpoints
Event: 210.719 Executing VM operation: ChangeBreakpoints done


Dynamic libraries:
0x000000013fc80000 - 0x000000013fcb7000 	C:\Program Files\Java\jdk1.8.0_51\bin\java.exe
0x0000000077ad0000 - 0x0000000077c7a000 	C:\Windows\SYSTEM32\ntdll.dll
0x000007feee3d0000 - 0x000007feee424000 	E:\Program Files (x86)\AVG\Av\avghooka.dll
0x00000000778b0000 - 0x00000000779cf000 	C:\Windows\system32\kernel32.dll
0x000007fefc5e0000 - 0x000007fefc64a000 	C:\Windows\system32\KERNELBASE.dll
0x000007fefddd0000 - 0x000007fefdeab000 	C:\Windows\system32\ADVAPI32.dll
0x000007fefe840000 - 0x000007fefe8df000 	C:\Windows\system32\msvcrt.dll
0x000007fefe180000 - 0x000007fefe19f000 	C:\Windows\SYSTEM32\sechost.dll
0x000007fefd960000 - 0x000007fefda8d000 	C:\Windows\system32\RPCRT4.dll
0x00000000779d0000 - 0x0000000077aca000 	C:\Windows\system32\USER32.dll
0x000007fefe7d0000 - 0x000007fefe837000 	C:\Windows\system32\GDI32.dll
0x000007fefda90000 - 0x000007fefda9e000 	C:\Windows\system32\LPK.dll
0x000007fefe700000 - 0x000007fefe7ca000 	C:\Windows\system32\USP10.dll
0x000007fefaff0000 - 0x000007fefb1e4000 	C:\Windows\WinSxS\amd64_microsoft.windows.common-controls_6595b64144ccf1df_6.0.7601.18837_none_fa3b1e3d17594757\COMCTL32.dll
0x000007fefe290000 - 0x000007fefe301000 	C:\Windows\system32\SHLWAPI.dll
0x000007fefdc80000 - 0x000007fefdcae000 	C:\Windows\system32\IMM32.DLL
0x000007fefca60000 - 0x000007fefcb69000 	C:\Windows\system32\MSCTF.dll
0x0000000068c70000 - 0x0000000068d42000 	C:\Program Files\Java\jdk1.8.0_51\jre\bin\msvcr100.dll
0x00000000683e0000 - 0x0000000068c63000 	C:\Program Files\Java\jdk1.8.0_51\jre\bin\server\jvm.dll
0x000007fef5c80000 - 0x000007fef5c89000 	C:\Windows\system32\WSOCK32.dll
0x000007fefea70000 - 0x000007fefeabd000 	C:\Windows\system32\WS2_32.dll
0x000007fefe280000 - 0x000007fefe288000 	C:\Windows\system32\NSI.dll
0x000007fef8920000 - 0x000007fef895b000 	C:\Windows\system32\WINMM.dll
0x000007fefb580000 - 0x000007fefb58c000 	C:\Windows\system32\VERSION.dll
0x0000000077ca0000 - 0x0000000077ca7000 	C:\Windows\system32\PSAPI.DLL
0x000000006a140000 - 0x000000006a14f000 	C:\Program Files\Java\jdk1.8.0_51\jre\bin\verify.dll
0x00000000693d0000 - 0x00000000693f9000 	C:\Program Files\Java\jdk1.8.0_51\jre\bin\java.dll
0x0000000069390000 - 0x00000000693c5000 	C:\Program Files\Java\jdk1.8.0_51\jre\bin\jdwp.dll
0x000000006a150000 - 0x000000006a158000 	C:\Program Files\Java\jdk1.8.0_51\jre\bin\npt.dll
0x0000000069ce0000 - 0x0000000069cf6000 	C:\Program Files\Java\jdk1.8.0_51\jre\bin\zip.dll
0x000007fefcbd0000 - 0x000007fefd95a000 	C:\Windows\system32\SHELL32.dll
0x000007fefc850000 - 0x000007fefca53000 	C:\Windows\system32\ole32.dll
0x000007fefc490000 - 0x000007fefc49f000 	C:\Windows\system32\profapi.dll
0x000000006a130000 - 0x000000006a139000 	C:\Program Files\Java\jdk1.8.0_51\jre\bin\dt_socket.dll
0x000007fefbc70000 - 0x000007fefbcc5000 	C:\Windows\system32\mswsock.dll
0x000007fefb650000 - 0x000007fefb657000 	C:\Windows\System32\wshtcpip.dll
0x0000000069360000 - 0x000000006936d000 	C:\Program Files\Java\jdk1.8.0_51\jre\bin\management.dll
0x0000000069370000 - 0x000000006938a000 	C:\Program Files\Java\jdk1.8.0_51\jre\bin\net.dll
0x000007fefbc60000 - 0x000007fefbc67000 	C:\Windows\System32\wship6.dll
0x000007fef9e80000 - 0x000007fef9e95000 	C:\Windows\system32\NLAapi.dll
0x000007feed410000 - 0x000007feed425000 	C:\Windows\system32\napinsp.dll
0x000007feed3f0000 - 0x000007feed409000 	C:\Windows\system32\pnrpnsp.dll
0x000007fefbaf0000 - 0x000007fefbb4b000 	C:\Windows\system32\DNSAPI.dll
0x000007feed280000 - 0x000007feed28b000 	C:\Windows\System32\winrnr.dll
0x000007fef9bd0000 - 0x000007fef9bf7000 	C:\Windows\system32\IPHLPAPI.DLL
0x000007fef9bc0000 - 0x000007fef9bcb000 	C:\Windows\system32\WINNSI.DLL
0x000007fef9520000 - 0x000007fef9528000 	C:\Windows\system32\rasadhlp.dll
0x000007fef9ac0000 - 0x000007fef9b13000 	C:\Windows\System32\fwpuclnt.dll
0x0000000068f60000 - 0x0000000068f71000 	C:\Program Files\Java\jdk1.8.0_51\jre\bin\nio.dll
0x000007fefbcd0000 - 0x000007fefbce8000 	C:\Windows\system32\CRYPTSP.dll
0x000007fefb9d0000 - 0x000007fefba17000 	C:\Windows\system32\rsaenh.dll
0x000007fefc810000 - 0x000007fefc82e000 	C:\Windows\system32\USERENV.dll
0x000007fefc330000 - 0x000007fefc33f000 	C:\Windows\system32\CRYPTBASE.dll
0x000007fef9a50000 - 0x000007fef9a61000 	C:\Windows\system32\dhcpcsvc6.DLL
0x000007fef99d0000 - 0x000007fef99e8000 	C:\Windows\system32\dhcpcsvc.DLL
0x000007fef1750000 - 0x000007fef1875000 	C:\Windows\system32\dbghelp.dll

VM Arguments:
jvm_args: -agentlib:jdwp=transport=dt_socket,address=127.0.0.1:54879,suspend=y,server=n -XX:TieredStopAtLevel=1 -Xverify:none -Dspring.output.ansi.enabled=always -Dfile.encoding=UTF-8 
java_command: com.olszewski.michal.LogViewerApplication
java_class_path (initial): C:\Program Files\Java\jdk1.8.0_51\jre\lib\charsets.jar;C:\Program Files\Java\jdk1.8.0_51\jre\lib\deploy.jar;C:\Program Files\Java\jdk1.8.0_51\jre\lib\ext\access-bridge-64.jar;C:\Program Files\Java\jdk1.8.0_51\jre\lib\ext\cldrdata.jar;C:\Program Files\Java\jdk1.8.0_51\jre\lib\ext\dnsns.jar;C:\Program Files\Java\jdk1.8.0_51\jre\lib\ext\jaccess.jar;C:\Program Files\Java\jdk1.8.0_51\jre\lib\ext\jfxrt.jar;C:\Program Files\Java\jdk1.8.0_51\jre\lib\ext\localedata.jar;C:\Program Files\Java\jdk1.8.0_51\jre\lib\ext\nashorn.jar;C:\Program Files\Java\jdk1.8.0_51\jre\lib\ext\sunec.jar;C:\Program Files\Java\jdk1.8.0_51\jre\lib\ext\sunjce_provider.jar;C:\Program Files\Java\jdk1.8.0_51\jre\lib\ext\sunmscapi.jar;C:\Program Files\Java\jdk1.8.0_51\jre\lib\ext\sunpkcs11.jar;C:\Program Files\Java\jdk1.8.0_51\jre\lib\ext\zipfs.jar;C:\Program Files\Java\jdk1.8.0_51\jre\lib\javaws.jar;C:\Program Files\Java\jdk1.8.0_51\jre\lib\jce.jar;C:\Program Files\Java\jdk1.8.0_51\jre\lib\jfr.jar;C:\Program Files\Java\jdk1.8.0_51\jre\lib\jfxswt.jar;C:\Program Files\Java\jdk1.8.0_51\jre\lib\jsse.jar;C:\Program Files\Java\jdk1.8.0_51\jre\lib\management-agent.jar;C:\Program Files\Java\jdk1.8.0_51\jre\lib\plugin.jar;C:\Program Files\Java\jdk1.8.0_51\jre\lib\resources.jar;C:\Program Files\Java\jdk1.8.0_51\jre\lib\rt.jar;C:\Users\Admin\ProgramowanieJEE\logViewer\target\classes;C:\Users\Admin\.m2\repository\org\springframework\boot\spring-boot-starter\1.5.2.RELEASE\spring-boot-starter-1.5.2.RELEASE.jar;C:\Users\Admin\.m2\repository\org\springframework\boot\spring-boot\1.5.2.RELEASE\spring-boot-1.5.2.RELEASE.jar;C:\Users\Admin\.m2\repository\org\springframework\spring-context\4.3.7.RELEASE\spring-context-4.3.7.RELEASE.jar;C:\Users\Admin\.m2\repository\org\springframework\boot\spring-boot-autoconfigure\1.5.2.RELEASE\spring-boot-autoconfigure-1.5.2.RELEASE.jar;C:\Users\Admin\.m2\repository\org\springframework\boot\spring-boot-starter-logging\1.5.2.RELEASE\spring-boot-starter-logging-1
Launcher Type: SUN_STANDARD

Environment Variables:
JAVA_HOME=C:\Program Files\Java\jdk1.8.0_51
PATH=C:\ProgramData\Oracle\Java\javapath;C:\Program Files (x86)\Intel\iCLS Client\;C:\Program Files\Intel\iCLS Client\;C:\Windows\system32;C:\Windows;C:\Windows\System32\Wbem;C:\Program Files\Intel\Intel(R) Management Engine Components\DAL;C:\Program Files\Intel\Intel(R) Management Engine Components\IPT;C:\Program Files (x86)\Intel\Intel(R) Management Engine Components\DAL;C:\Program Files (x86)\Intel\Intel(R) Management Engine Components\IPT;E:\Program Files (x86)\Heroku\bin;C:\Program Files (x86)\git\cmd;F:\Maven\apache-maven-3.3.3\bin;C:\Windows\System32\WindowsPowerShell\v1.0\;C:\Windows\System32\WindowsPowerShell\v1.0\;D:\Program Files\PostgreSQL\pg95\bin;C:\Program Files (x86)\Microsoft SQL Server\140\Tools\Binn\ManagementStudio\";C:\Program Files\Java\jdk1.8.0_51\bin";C:\Python34\;C:\Python34\Scripts;C:\ProgramData\Oracle\Java\javapath;C:\Program Files (x86)\Intel\iCLS Client\;C:\Program Files\Intel\iCLS Client\;C:\Windows\system32;C:\Windows;C:\Windows\System32\Wbem;C:\Windows\System32\WindowsPowerShell\v1.0\;C:\Program Files\Intel\Intel(R) Management Engine Components\DAL;C:\Program Files\Intel\Intel(R) Management Engine Components\IPT;C:\Program Files (x86)\Intel\Intel(R) Management Engine Components\DAL;C:\Program Files (x86)\Intel\Intel(R) Management Engine Components\IPT;C:\Program Files (x86)\Skype\Phone\;E:\Program Files (x86)\Heroku\bin;C:\Program Files (x86)\git\cmd;F:\Maven\apache-maven-3.3.3\bin";C:\Program Files\Java\jdk1.8.0_51\bin"
USERNAME=Admin
OS=Windows_NT
PROCESSOR_IDENTIFIER=Intel64 Family 6 Model 60 Stepping 3, GenuineIntel



---------------  S Y S T E M  ---------------

OS: Windows 7 , 64 bit Build 7601 (6.1.7601.23677)

CPU:total 4 (4 cores per cpu, 1 threads per core) family 6 model 60 stepping 3, cmov, cx8, fxsr, mmx, sse, sse2, sse3, ssse3, sse4.1, sse4.2, popcnt, avx, avx2, aes, clmul, erms, lzcnt, tsc, tscinvbit, bmi1, bmi2

Memory: 4k page, physical 8324940k(754960k free), swap 16648020k(9491176k free)

vm_info: Java HotSpot(TM) 64-Bit Server VM (25.51-b03) for windows-amd64 JRE (1.8.0_51-b16), built on Jun  8 2015 18:03:07 by "java_re" with MS VC++ 10.0 (VS2010)

time: Thu Mar 23 19:13:08 2017
elapsed time: 210 seconds (0d 0h 3m 30s)

